********************************************************************************
DUPLICATOR-LITE PACKAGE-LOG: December 30, 2020 5:57 am
NOTICE: Do NOT post to public sites or forums 
********************************************************************************
VERSION:	1.3.40.1
WORDPRESS:	5.6
PHP INFO:	7.2.11 | SAPI: apache2handler
SERVER:		Apache/2.4.35 (Win32) OpenSSL/1.1.0i PHP/7.2.11 
PHP TIME LIMIT: (0) no time limit imposed 
PHP MAX MEMORY: 4294967296 (128M default) 
MEMORY STACK: 2MB

********************************************************************************
DATABASE:
********************************************************************************
BUILD MODE:   MYSQLDUMP
MYSQLTIMEOUT: 5000
MYSQLDUMP:    Is Supported
SQL CREATED: 20201230_mygreatblog_17e922e3b133dd4a5339_20201230055507_database.sql
SQL FILE SIZE: 980.08KB (1003604)
SQL FILE TIME: 2020-12-30 05:58:02
SQL RUNTIME: 7.71 sec.

********************************************************************************
ARCHIVE (ZIP):
********************************************************************************
ARCHIVE DIR:  D:/xampp/htdocs/luoyang
ARCHIVE FILE: 20201230_mygreatblog_17e922e3b133dd4a5339_20201230055507_archive.zip
FILTERS: *OFF*
DIRS:
	not set
FILES:
	not set
EXTS:  not set
----------------------------------------
COMPRESSING
SIZE:	121.41MB
STATS:	Dirs 975 | Files 8,561
SQL ADDED: 20201230_mygreatblog_17e922e3b133dd4a5339_20201230055507_database.sql
ZipArchive Object
(
    [status] => 0
    [statusSys] => 0
    [numFiles] => 9536
    [filename] => D:\xampp\htdocs\luoyang\wp-content\backups-dup-lite\tmp\20201230_mygreatblog_17e922e3b133dd4a5339_20201230055507_archive.zip
    [comment] => 
)

FILE ADDED TO ZIP: 9535
COMPRESSION RESULT: '1'
COMPRESSED SIZE: 68.4MB
ARCHIVE RUNTIME: 186.76 sec.
MEMORY STACK: 4MB
building installer
add_extra_files1
add_extra_files2
add_extra_files3
add_extra_files4
Doing archive file check
add_extra_files5
add_extra_files6
add_extra_files8
Successfully opened zip D:/xampp/htdocs/luoyang/wp-content/backups-dup-lite/tmp/20201230_mygreatblog_17e922e3b133dd4a5339_20201230055507_archive.zip
Adding enhanced installer files to archive using ZipArchive
Installer files added to archive
Added to archive
After ziparchive close when adding installer

********************************************************************************
INTEGRITY CHECKS:
********************************************************************************
SQL FILE: 980.08KB
INSTALLER FILE: 61.29KB
ARCHIVE FILE: 70MB 
EXPECTED FILE/DIRECTORY COUNT: 9,536
ACTUAL FILE/DIRECTORY COUNT: 9,535
ARCHIVE CONSISTENCY TEST: Pass

********************************************************************************
RECORD ID:[1]
TOTAL PROCESS RUNTIME: 201.36 sec.
PEAK PHP MEMORY USED: 6MB
DONE PROCESSING => 20201230_mygreatblog December 30, 2020 6:01 am

